<?xml version="1.0" encoding="UTF-8"?>
<testsuite xmlns:xsi="http://www.w3.org/2001/XMLSchema-instance" xsi:noNamespaceSchemaLocation="https://maven.apache.org/surefire/maven-surefire-plugin/xsd/surefire-test-report.xsd" name="org.danielcepeda.junit5app.ejemplos.CuentaTest" time="5.443" tests="3" errors="0" skipped="0" failures="0">
  <properties>
[...]
</properties>
  <testcase name="pruebaTimeOut2" classname="org.danielcepeda.junit5app.ejemplos.CuentaTest$EjemploTimeOuttest" time="0.493"/>
  <testcase name="TestTimeOutAssertions" classname="org.danielcepeda.junit5app.ejemplos.CuentaTest$EjemploTimeOuttest" time="0.907"/>
  <testcase name="pruebaTimeOut" classname="org.danielcepeda.junit5app.ejemplos.CuentaTest$EjemploTimeOuttest" time="4.01"/>
</testsuite>